<?xml version="1.0" encoding="UTF-8"?>
<!-- Generated by org.testng.reporters.JUnitXMLReporter -->
<testsuite hostname="360PC124" name="Default test" tests="6" failures="0" timestamp="20 Dec 2016 09:00:22 GMT" time="109.327" errors="0">
  <testcase name="testingOnDifferentApp" time="107.238" classname="com.giraffic.testscripts.TestingOnDifferentApp"/>
  <testcase name="testingOnDifferentApp" time="0.01" classname="com.giraffic.testscripts.TestingOnDifferentApp"/>
  <testcase name="testingOnDifferentApp" time="0.0" classname="com.giraffic.testscripts.TestingOnDifferentApp"/>
  <testcase name="testingOnDifferentApp" time="0.0" classname="com.giraffic.testscripts.TestingOnDifferentApp"/>
  <testcase name="testingOnDifferentApp" time="0.01" classname="com.giraffic.testscripts.TestingOnDifferentApp"/>
  <testcase name="testingOnDifferentApp" time="0.0" classname="com.giraffic.testscripts.TestingOnDifferentApp"/>
</testsuite> <!-- Default test -->
