<?xml version="1.0" encoding="UTF-8"?>
<testng-results skipped="0" failed="1" total="1" passed="0">
  <reporter-output>
  </reporter-output>
  <suite name="Default suite" duration-ms="50" started-at="2016-11-15T13:49:22Z" finished-at="2016-11-15T13:49:22Z">
    <groups>
    </groups>
    <test name="Default test" duration-ms="50" started-at="2016-11-15T13:49:22Z" finished-at="2016-11-15T13:49:22Z">
      <class name="com.automation.pageHelper.WindowClass">
        <test-method status="PASS" signature="b()[pri:0, instance:com.automation.pageHelper.WindowClass@97e1986]" name="b" is-config="true" duration-ms="3726" started-at="2016-11-15T19:19:18Z" finished-at="2016-11-15T19:19:22Z">
          <reporter-output>
          </reporter-output>
        </test-method> <!-- b -->
        <test-method status="PASS" signature="f()[pri:0, instance:com.automation.pageHelper.WindowClass@97e1986]" name="f" is-config="true" duration-ms="0" started-at="2016-11-15T19:19:22Z" finished-at="2016-11-15T19:19:22Z">
          <reporter-output>
          </reporter-output>
        </test-method> <!-- f -->
        <test-method status="PASS" signature="c()[pri:0, instance:com.automation.pageHelper.WindowClass@97e1986]" name="c" is-config="true" duration-ms="0" started-at="2016-11-15T19:19:22Z" finished-at="2016-11-15T19:19:22Z">
          <reporter-output>
          </reporter-output>
        </test-method> <!-- c -->
        <test-method status="FAIL" signature="a()[pri:0, instance:com.automation.pageHelper.WindowClass@97e1986]" name="a" duration-ms="20" started-at="2016-11-15T19:19:22Z" finished-at="2016-11-15T19:19:22Z">
          <exception class="org.openqa.selenium.NoSuchWindowException">
            <message>
              <![CDATA[Unable to find element on closed window (WARNING: The server did not provide any stacktrace information)
Command duration or timeout: 10 milliseconds
Build info: version: '3.0.1', revision: '1969d75', time: '2016-10-18 09:48:19 -0700'
System info: host: '360PC124', ip: '192.168.8.48', os.name: 'Windows 7', os.arch: 'amd64', os.version: '6.1', java.version: '1.8.0_101'
Driver info: org.openqa.selenium.ie.InternetExplorerDriver
Capabilities [{browserAttachTimeout=0, ie.enableFullPageScreenshot=true, enablePersistentHover=true, ie.forceCreateProcessApi=false, ie.forceShellWindowsApi=false, pageLoadStrategy=normal, ignoreZoomSetting=false, ie.fileUploadDialogTimeout=3000, version=11, platform=WINDOWS, nativeEvents=true, ie.ensureCleanSession=false, elementScrollBehavior=0, ie.browserCommandLineSwitches=, requireWindowFocus=false, browserName=internet explorer, initialBrowserUrl=http://localhost:12588/, javascriptEnabled=true, ignoreProtectedModeSettings=false, enableElementCacheCleanup=true, unexpectedAlertBehaviour=dismiss}]
Session ID: df1a7887-fc9a-4bc4-8a65-7d2f82677d2e
*** Element info: {Using=xpath, value=//button[text()='Drag Me!']}]]>
            </message>
            <full-stacktrace>
              <![CDATA[org.openqa.selenium.NoSuchWindowException: Unable to find element on closed window (WARNING: The server did not provide any stacktrace information)
Command duration or timeout: 10 milliseconds
Build info: version: '3.0.1', revision: '1969d75', time: '2016-10-18 09:48:19 -0700'
System info: host: '360PC124', ip: '192.168.8.48', os.name: 'Windows 7', os.arch: 'amd64', os.version: '6.1', java.version: '1.8.0_101'
Driver info: org.openqa.selenium.ie.InternetExplorerDriver
Capabilities [{browserAttachTimeout=0, ie.enableFullPageScreenshot=true, enablePersistentHover=true, ie.forceCreateProcessApi=false, ie.forceShellWindowsApi=false, pageLoadStrategy=normal, ignoreZoomSetting=false, ie.fileUploadDialogTimeout=3000, version=11, platform=WINDOWS, nativeEvents=true, ie.ensureCleanSession=false, elementScrollBehavior=0, ie.browserCommandLineSwitches=, requireWindowFocus=false, browserName=internet explorer, initialBrowserUrl=http://localhost:12588/, javascriptEnabled=true, ignoreProtectedModeSettings=false, enableElementCacheCleanup=true, unexpectedAlertBehaviour=dismiss}]
Session ID: df1a7887-fc9a-4bc4-8a65-7d2f82677d2e
*** Element info: {Using=xpath, value=//button[text()='Drag Me!']}
	at sun.reflect.NativeConstructorAccessorImpl.newInstance0(Native Method)
	at sun.reflect.NativeConstructorAccessorImpl.newInstance(Unknown Source)
	at sun.reflect.DelegatingConstructorAccessorImpl.newInstance(Unknown Source)
	at java.lang.reflect.Constructor.newInstance(Unknown Source)
	at org.openqa.selenium.remote.ErrorHandler.createThrowable(ErrorHandler.java:216)
	at org.openqa.selenium.remote.ErrorHandler.throwIfResponseFailed(ErrorHandler.java:168)
	at org.openqa.selenium.remote.RemoteWebDriver.execute(RemoteWebDriver.java:635)
	at org.openqa.selenium.remote.RemoteWebDriver.findElement(RemoteWebDriver.java:368)
	at org.openqa.selenium.remote.RemoteWebDriver.findElementByXPath(RemoteWebDriver.java:473)
	at org.openqa.selenium.By$ByXPath.findElement(By.java:361)
	at org.openqa.selenium.remote.RemoteWebDriver.findElement(RemoteWebDriver.java:360)
	at com.automation.pageHelper.WindowClass.a(WindowClass.java:51)
	at sun.reflect.NativeMethodAccessorImpl.invoke0(Native Method)
	at sun.reflect.NativeMethodAccessorImpl.invoke(Unknown Source)
	at sun.reflect.DelegatingMethodAccessorImpl.invoke(Unknown Source)
	at java.lang.reflect.Method.invoke(Unknown Source)
	at org.testng.internal.MethodInvocationHelper.invokeMethod(MethodInvocationHelper.java:85)
	at org.testng.internal.Invoker.invokeMethod(Invoker.java:639)
	at org.testng.internal.Invoker.invokeTestMethod(Invoker.java:821)
	at org.testng.internal.Invoker.invokeTestMethods(Invoker.java:1131)
	at org.testng.internal.TestMethodWorker.invokeTestMethods(TestMethodWorker.java:124)
	at org.testng.internal.TestMethodWorker.run(TestMethodWorker.java:108)
	at org.testng.TestRunner.privateRun(TestRunner.java:773)
	at org.testng.TestRunner.run(TestRunner.java:623)
	at org.testng.SuiteRunner.runTest(SuiteRunner.java:357)
	at org.testng.SuiteRunner.runSequentially(SuiteRunner.java:352)
	at org.testng.SuiteRunner.privateRun(SuiteRunner.java:310)
	at org.testng.SuiteRunner.run(SuiteRunner.java:259)
	at org.testng.SuiteRunnerWorker.runSuite(SuiteRunnerWorker.java:52)
	at org.testng.SuiteRunnerWorker.run(SuiteRunnerWorker.java:86)
	at org.testng.TestNG.runSuitesSequentially(TestNG.java:1185)
	at org.testng.TestNG.runSuitesLocally(TestNG.java:1110)
	at org.testng.TestNG.run(TestNG.java:1018)
	at org.testng.remote.AbstractRemoteTestNG.run(AbstractRemoteTestNG.java:126)
	at org.testng.remote.RemoteTestNG.initAndRun(RemoteTestNG.java:152)
	at org.testng.remote.RemoteTestNG.main(RemoteTestNG.java:57)
]]>
            </full-stacktrace>
          </exception> <!-- org.openqa.selenium.NoSuchWindowException -->
          <reporter-output>
          </reporter-output>
        </test-method> <!-- a -->
        <test-method status="PASS" signature="e()[pri:0, instance:com.automation.pageHelper.WindowClass@97e1986]" name="e" is-config="true" duration-ms="0" started-at="2016-11-15T19:19:22Z" finished-at="2016-11-15T19:19:22Z">
          <reporter-output>
          </reporter-output>
        </test-method> <!-- e -->
        <test-method status="PASS" signature="cs()[pri:0, instance:com.automation.pageHelper.WindowClass@97e1986]" name="cs" is-config="true" duration-ms="0" started-at="2016-11-15T19:19:22Z" finished-at="2016-11-15T19:19:22Z">
          <reporter-output>
          </reporter-output>
        </test-method> <!-- cs -->
        <test-method status="PASS" signature="fs()[pri:0, instance:com.automation.pageHelper.WindowClass@97e1986]" name="fs" is-config="true" duration-ms="0" started-at="2016-11-15T19:19:22Z" finished-at="2016-11-15T19:19:22Z">
          <reporter-output>
          </reporter-output>
        </test-method> <!-- fs -->
        <test-method status="PASS" signature="es()[pri:0, instance:com.automation.pageHelper.WindowClass@97e1986]" name="es" is-config="true" duration-ms="0" started-at="2016-11-15T19:19:22Z" finished-at="2016-11-15T19:19:22Z">
          <reporter-output>
          </reporter-output>
        </test-method> <!-- es -->
        <test-method status="PASS" signature="bs()[pri:0, instance:com.automation.pageHelper.WindowClass@97e1986]" name="bs" is-config="true" duration-ms="0" started-at="2016-11-15T19:19:22Z" finished-at="2016-11-15T19:19:22Z">
          <reporter-output>
          </reporter-output>
        </test-method> <!-- bs -->
      </class> <!-- com.automation.pageHelper.WindowClass -->
    </test> <!-- Default test -->
  </suite> <!-- Default suite -->
</testng-results>
