<?xml version="1.0" encoding="UTF-8"?>
<!-- Generated by org.testng.reporters.JUnitXMLReporter -->
<testsuite hostname="360LP048" name="GirafficTestSuite" tests="6" failures="0" timestamp="19 Dec 2016 06:02:54 GMT" time="351.962" errors="0">
  <testcase name="testingOnDifferentApp" time="0.004" classname="com.giraffic.testscripts.TestingOnDifferentApp"/>
  <testcase name="testingOnDifferentApp" time="0.0" classname="com.giraffic.testscripts.TestingOnDifferentApp"/>
  <testcase name="testingOnDifferentApp" time="0.0" classname="com.giraffic.testscripts.TestingOnDifferentApp"/>
  <testcase name="testingOnDifferentApp" time="297.669" classname="com.giraffic.testscripts.TestingOnDifferentApp"/>
  <testcase name="testingOnDifferentApp" time="51.092" classname="com.giraffic.testscripts.TestingOnDifferentApp"/>
  <testcase name="testingOnDifferentApp" time="0.001" classname="com.giraffic.testscripts.TestingOnDifferentApp"/>
</testsuite> <!-- GirafficTestSuite -->
