<?xml version="1.0" encoding="UTF-8"?>
<!-- Generated by org.testng.reporters.JUnitXMLReporter -->
<testsuite hostname="360PC124" name="Demo" tests="1" failures="1" timestamp="12 Dec 2016 09:34:45 GMT" time="0.04" errors="0">
  <testcase name="seleniumTest" time="0.02" classname="test.java.NewClass">
    <failure type="java.lang.NullPointerException" message="Name is null">
      <![CDATA[java.lang.NullPointerException: Name is null
	at java.lang.Enum.valueOf(Unknown Source)
	at main.java.MainClass$Browser.valueOf(MainClass.java:1)
	at main.java.MainClass.launchBrowser(MainClass.java:80)
	at test.java.NewClass.seleniumTest(NewClass.java:16)
	at java.util.concurrent.FutureTask.run(Unknown Source)
	at java.util.concurrent.ThreadPoolExecutor.runWorker(Unknown Source)
	at java.util.concurrent.ThreadPoolExecutor$Worker.run(Unknown Source)
	at java.lang.Thread.run(Unknown Source)
... Removed 16 stack frames]]>
    </failure>
  </testcase> <!-- seleniumTest -->
</testsuite> <!-- Demo -->
