<?xml version="1.0" encoding="UTF-8"?>
<!-- Generated by org.testng.reporters.JUnitXMLReporter -->
<testsuite hostname="360PC124" name="Demo" tests="6" failures="2" timestamp="12 Dec 2016 09:01:47 GMT" time="0.04" errors="0">
  <testcase name="seleniumTest" time="0.01" classname="test.java.TestClass">
    <failure type="java.lang.NullPointerException">
      <![CDATA[java.lang.NullPointerException
	at main.java.MainClass.openApplication(MainClass.java:86)
	at test.java.TestClass.seleniumTest(TestClass.java:20)
	at java.util.concurrent.FutureTask.run(FutureTask.java:266)
	at java.util.concurrent.ThreadPoolExecutor.runWorker(ThreadPoolExecutor.java:1142)
	at java.util.concurrent.ThreadPoolExecutor$Worker.run(ThreadPoolExecutor.java:617)
	at java.lang.Thread.run(Thread.java:745)
... Removed 16 stack frames]]>
    </failure>
  </testcase> <!-- seleniumTest -->
  <testcase name="testMethodC" time="0.01" classname="test.java.TestClass"/>
  <testcase name="testMethodD" time="0.0" classname="test.java.TestClass"/>
  <testcase name="seleniumTest" time="0.0" classname="test.java.NewClass">
    <failure type="java.lang.NullPointerException" message="Name is null">
      <![CDATA[java.lang.NullPointerException: Name is null
	at java.lang.Enum.valueOf(Enum.java:236)
	at main.java.MainClass$Browser.valueOf(MainClass.java:23)
	at main.java.MainClass.launchBrowser(MainClass.java:46)
	at test.java.NewClass.seleniumTest(NewClass.java:16)
	at java.util.concurrent.FutureTask.run(FutureTask.java:266)
	at java.util.concurrent.ThreadPoolExecutor.runWorker(ThreadPoolExecutor.java:1142)
	at java.util.concurrent.ThreadPoolExecutor$Worker.run(ThreadPoolExecutor.java:617)
	at java.lang.Thread.run(Thread.java:745)
... Removed 16 stack frames]]>
    </failure>
  </testcase> <!-- seleniumTest -->
  <testcase name="testMethodb" time="0.0" classname="test.java.TestClass"/>
  <testcase name="testMethod" time="0.0" classname="test.java.TestClass"/>
</testsuite> <!-- Demo -->
