<?xml version="1.0" encoding="UTF-8"?>
<testng-results skipped="0" failed="0" total="6" passed="6">
  <reporter-output>
    <line>
      <![CDATA[Test videos on Youtube<br>]]>
    </line>
    <line>
      <![CDATA[Click on Search Icon on Youtube<br>]]>
    </line>
    <line>
      <![CDATA[Search 360Logica on Youtube<br>]]>
    </line>
    <line>
      <![CDATA[Click on Search video on Youtube<br>]]>
    </line>
    <line>
      <![CDATA[Click on Back button<br>]]>
    </line>
    <line>
      <![CDATA[Click on Search Icon on Youtube<br>]]>
    </line>
    <line>
      <![CDATA[Search Test on Youtube<br>]]>
    </line>
    <line>
      <![CDATA[Click on Search video on Youtube<br>]]>
    </line>
    <line>
      <![CDATA[Click on Back button<br>]]>
    </line>
    <line>
      <![CDATA[Click on Search Icon on Youtube<br>]]>
    </line>
    <line>
      <![CDATA[Search Football on Youtube<br>]]>
    </line>
    <line>
      <![CDATA[Click on Search video on Youtube<br>]]>
    </line>
    <line>
      <![CDATA[Click on Back button<br>]]>
    </line>
  </reporter-output>
  <suite name="Default suite" duration-ms="109327" started-at="2016-12-20T08:58:32Z" finished-at="2016-12-20T09:00:21Z">
    <groups>
    </groups>
    <test name="Default test" duration-ms="109327" started-at="2016-12-20T08:58:32Z" finished-at="2016-12-20T09:00:21Z">
      <class name="com.giraffic.testscripts.TestingOnDifferentApp">
        <test-method status="PASS" signature="testingOnDifferentApp(java.lang.String, java.lang.String, java.lang.String, java.lang.String)[pri:0, instance:com.giraffic.testscripts.TestingOnDifferentApp@42dafa95]" name="testingOnDifferentApp" duration-ms="107238" started-at="2016-12-20T14:28:33Z" data-provider="AppsName" finished-at="2016-12-20T14:30:20Z">
          <params>
            <param index="0">
              <value>
                <![CDATA[Youtube]]>
              </value>
            </param>
            <param index="1">
              <value>
                <![CDATA[com.google.android.youtube]]>
              </value>
            </param>
            <param index="2">
              <value>
                <![CDATA[com.google.android.youtube.HomeActivity]]>
              </value>
            </param>
            <param index="3">
              <value>
                <![CDATA[true]]>
              </value>
            </param>
          </params>
          <reporter-output>
            <line>
              <![CDATA[Test videos on Youtube<br>]]>
            </line>
            <line>
              <![CDATA[Click on Search Icon on Youtube<br>]]>
            </line>
            <line>
              <![CDATA[Search 360Logica on Youtube<br>]]>
            </line>
            <line>
              <![CDATA[Click on Search video on Youtube<br>]]>
            </line>
            <line>
              <![CDATA[Click on Back button<br>]]>
            </line>
            <line>
              <![CDATA[Click on Search Icon on Youtube<br>]]>
            </line>
            <line>
              <![CDATA[Search Test on Youtube<br>]]>
            </line>
            <line>
              <![CDATA[Click on Search video on Youtube<br>]]>
            </line>
            <line>
              <![CDATA[Click on Back button<br>]]>
            </line>
            <line>
              <![CDATA[Click on Search Icon on Youtube<br>]]>
            </line>
            <line>
              <![CDATA[Search Football on Youtube<br>]]>
            </line>
            <line>
              <![CDATA[Click on Search video on Youtube<br>]]>
            </line>
            <line>
              <![CDATA[Click on Back button<br>]]>
            </line>
          </reporter-output>
        </test-method> <!-- testingOnDifferentApp -->
        <test-method status="PASS" signature="closeApp()[pri:0, instance:com.giraffic.testscripts.TestingOnDifferentApp@42dafa95]" name="closeApp" is-config="true" duration-ms="1135" started-at="2016-12-20T14:30:20Z" finished-at="2016-12-20T14:30:21Z">
          <reporter-output>
          </reporter-output>
        </test-method> <!-- closeApp -->
        <test-method status="PASS" signature="testingOnDifferentApp(java.lang.String, java.lang.String, java.lang.String, java.lang.String)[pri:0, instance:com.giraffic.testscripts.TestingOnDifferentApp@42dafa95]" name="testingOnDifferentApp" duration-ms="10" started-at="2016-12-20T14:30:21Z" data-provider="AppsName" finished-at="2016-12-20T14:30:21Z">
          <params>
            <param index="0">
              <value>
                <![CDATA[DailyMotion]]>
              </value>
            </param>
            <param index="1">
              <value>
                <![CDATA[com.dailymotion.dailymotion]]>
              </value>
            </param>
            <param index="2">
              <value>
                <![CDATA[com.dailymotion.dailymotion.ui.activity.MainActivity_]]>
              </value>
            </param>
            <param index="3">
              <value>
                <![CDATA[false]]>
              </value>
            </param>
          </params>
          <reporter-output>
          </reporter-output>
        </test-method> <!-- testingOnDifferentApp -->
        <test-method status="PASS" signature="testingOnDifferentApp(java.lang.String, java.lang.String, java.lang.String, java.lang.String)[pri:0, instance:com.giraffic.testscripts.TestingOnDifferentApp@42dafa95]" name="testingOnDifferentApp" duration-ms="0" started-at="2016-12-20T14:30:21Z" data-provider="AppsName" finished-at="2016-12-20T14:30:21Z">
          <params>
            <param index="0">
              <value>
                <![CDATA[NFL]]>
              </value>
            </param>
            <param index="1">
              <value>
                <![CDATA[com.gotv.nflgamecenter.us.lite]]>
              </value>
            </param>
            <param index="2">
              <value>
                <![CDATA[com.nfl.mobile.SplashActivity]]>
              </value>
            </param>
            <param index="3">
              <value>
                <![CDATA[false]]>
              </value>
            </param>
          </params>
          <reporter-output>
          </reporter-output>
        </test-method> <!-- testingOnDifferentApp -->
        <test-method status="PASS" signature="closeApp()[pri:0, instance:com.giraffic.testscripts.TestingOnDifferentApp@42dafa95]" name="closeApp" is-config="true" duration-ms="0" started-at="2016-12-20T14:30:21Z" finished-at="2016-12-20T14:30:21Z">
          <reporter-output>
          </reporter-output>
        </test-method> <!-- closeApp -->
        <test-method status="PASS" signature="closeApp()[pri:0, instance:com.giraffic.testscripts.TestingOnDifferentApp@42dafa95]" name="closeApp" is-config="true" duration-ms="0" started-at="2016-12-20T14:30:21Z" finished-at="2016-12-20T14:30:21Z">
          <reporter-output>
          </reporter-output>
        </test-method> <!-- closeApp -->
        <test-method status="PASS" signature="testingOnDifferentApp(java.lang.String, java.lang.String, java.lang.String, java.lang.String)[pri:0, instance:com.giraffic.testscripts.TestingOnDifferentApp@42dafa95]" name="testingOnDifferentApp" duration-ms="0" started-at="2016-12-20T14:30:21Z" data-provider="AppsName" finished-at="2016-12-20T14:30:21Z">
          <params>
            <param index="0">
              <value>
                <![CDATA[DirecTV]]>
              </value>
            </param>
            <param index="1">
              <value>
                <![CDATA[com.directv.dvrscheduler]]>
              </value>
            </param>
            <param index="2">
              <value>
                <![CDATA[com.directv.dvrscheduler.activity.core.Setup]]>
              </value>
            </param>
            <param index="3">
              <value>
                <![CDATA[false]]>
              </value>
            </param>
          </params>
          <reporter-output>
          </reporter-output>
        </test-method> <!-- testingOnDifferentApp -->
        <test-method status="PASS" signature="closeApp()[pri:0, instance:com.giraffic.testscripts.TestingOnDifferentApp@42dafa95]" name="closeApp" is-config="true" duration-ms="10" started-at="2016-12-20T14:30:21Z" finished-at="2016-12-20T14:30:21Z">
          <reporter-output>
          </reporter-output>
        </test-method> <!-- closeApp -->
        <test-method status="PASS" signature="testingOnDifferentApp(java.lang.String, java.lang.String, java.lang.String, java.lang.String)[pri:0, instance:com.giraffic.testscripts.TestingOnDifferentApp@42dafa95]" name="testingOnDifferentApp" duration-ms="10" started-at="2016-12-20T14:30:21Z" data-provider="AppsName" finished-at="2016-12-20T14:30:21Z">
          <params>
            <param index="0">
              <value>
                <![CDATA[NBC]]>
              </value>
            </param>
            <param index="1">
              <value>
                <![CDATA[com.msnbc.nightlynews]]>
              </value>
            </param>
            <param index="2">
              <value>
                <![CDATA[com.nbcnews.newsappui.activities.SplashActivity]]>
              </value>
            </param>
            <param index="3">
              <value>
                <![CDATA[false]]>
              </value>
            </param>
          </params>
          <reporter-output>
          </reporter-output>
        </test-method> <!-- testingOnDifferentApp -->
        <test-method status="PASS" signature="testingOnDifferentApp(java.lang.String, java.lang.String, java.lang.String, java.lang.String)[pri:0, instance:com.giraffic.testscripts.TestingOnDifferentApp@42dafa95]" name="testingOnDifferentApp" duration-ms="0" started-at="2016-12-20T14:30:21Z" data-provider="AppsName" finished-at="2016-12-20T14:30:21Z">
          <params>
            <param index="0">
              <value>
                <![CDATA[MLB]]>
              </value>
            </param>
            <param index="1">
              <value>
                <![CDATA[com.bamnetworks.mobile.android.gameday.atbat]]>
              </value>
            </param>
            <param index="2">
              <value>
                <![CDATA[com.bamnetworks.mobile.android.gameday.activities.StandingsWebviewActivity]]>
              </value>
            </param>
            <param index="3">
              <value>
                <![CDATA[false]]>
              </value>
            </param>
          </params>
          <reporter-output>
          </reporter-output>
        </test-method> <!-- testingOnDifferentApp -->
        <test-method status="PASS" signature="closeApp()[pri:0, instance:com.giraffic.testscripts.TestingOnDifferentApp@42dafa95]" name="closeApp" is-config="true" duration-ms="0" started-at="2016-12-20T14:30:21Z" finished-at="2016-12-20T14:30:21Z">
          <reporter-output>
          </reporter-output>
        </test-method> <!-- closeApp -->
        <test-method status="PASS" signature="closeApp()[pri:0, instance:com.giraffic.testscripts.TestingOnDifferentApp@42dafa95]" name="closeApp" is-config="true" duration-ms="0" started-at="2016-12-20T14:30:21Z" finished-at="2016-12-20T14:30:21Z">
          <reporter-output>
          </reporter-output>
        </test-method> <!-- closeApp -->
      </class> <!-- com.giraffic.testscripts.TestingOnDifferentApp -->
    </test> <!-- Default test -->
  </suite> <!-- Default suite -->
</testng-results>
