<?xml version="1.0" encoding="UTF-8"?>
<testng-results skipped="0" failed="1" total="1" passed="0">
  <reporter-output>
  </reporter-output>
  <suite name="Default suite" duration-ms="30" started-at="2016-12-12T09:39:20Z" finished-at="2016-12-12T09:39:20Z">
    <groups>
      <group name="a">
        <method signature="NewClass.seleniumTest()[pri:0, instance:test.java.NewClass@18be83e4]" name="seleniumTest" class="test.java.NewClass"/>
      </group> <!-- a -->
    </groups>
    <test name="Default test" duration-ms="30" started-at="2016-12-12T09:39:20Z" finished-at="2016-12-12T09:39:20Z">
      <class name="test.java.NewClass">
        <test-method status="FAIL" signature="seleniumTest()[pri:0, instance:test.java.NewClass@18be83e4]" name="seleniumTest" duration-ms="20" started-at="2016-12-12T15:09:20Z" finished-at="2016-12-12T15:09:20Z">
          <exception class="java.lang.NullPointerException">
            <message>
              <![CDATA[Name is null]]>
            </message>
            <full-stacktrace>
              <![CDATA[java.lang.NullPointerException: Name is null
	at java.lang.Enum.valueOf(Unknown Source)
	at main.java.MainClass$Browser.valueOf(MainClass.java:1)
	at main.java.MainClass.launchBrowser(MainClass.java:80)
	at test.java.NewClass.seleniumTest(NewClass.java:16)
	at sun.reflect.NativeMethodAccessorImpl.invoke0(Native Method)
	at sun.reflect.NativeMethodAccessorImpl.invoke(Unknown Source)
	at sun.reflect.DelegatingMethodAccessorImpl.invoke(Unknown Source)
	at java.lang.reflect.Method.invoke(Unknown Source)
	at org.testng.internal.MethodInvocationHelper.invokeMethod(MethodInvocationHelper.java:85)
	at org.testng.internal.Invoker.invokeMethod(Invoker.java:639)
	at org.testng.internal.Invoker.invokeTestMethod(Invoker.java:816)
	at org.testng.internal.Invoker.invokeTestMethods(Invoker.java:1124)
	at org.testng.internal.TestMethodWorker.invokeTestMethods(TestMethodWorker.java:125)
	at org.testng.internal.TestMethodWorker.run(TestMethodWorker.java:108)
	at org.testng.TestRunner.privateRun(TestRunner.java:774)
	at org.testng.TestRunner.run(TestRunner.java:624)
	at org.testng.SuiteRunner.runTest(SuiteRunner.java:359)
	at org.testng.SuiteRunner.runSequentially(SuiteRunner.java:354)
	at org.testng.SuiteRunner.privateRun(SuiteRunner.java:312)
	at org.testng.SuiteRunner.run(SuiteRunner.java:261)
	at org.testng.SuiteRunnerWorker.runSuite(SuiteRunnerWorker.java:52)
	at org.testng.SuiteRunnerWorker.run(SuiteRunnerWorker.java:86)
	at org.testng.TestNG.runSuitesSequentially(TestNG.java:1215)
	at org.testng.TestNG.runSuitesLocally(TestNG.java:1140)
	at org.testng.TestNG.run(TestNG.java:1048)
	at org.testng.remote.AbstractRemoteTestNG.run(AbstractRemoteTestNG.java:126)
	at org.testng.remote.RemoteTestNG.initAndRun(RemoteTestNG.java:152)
	at org.testng.remote.RemoteTestNG.main(RemoteTestNG.java:57)
]]>
            </full-stacktrace>
          </exception> <!-- java.lang.NullPointerException -->
          <reporter-output>
          </reporter-output>
        </test-method> <!-- seleniumTest -->
      </class> <!-- test.java.NewClass -->
    </test> <!-- Default test -->
  </suite> <!-- Default suite -->
</testng-results>
